==25556== Cachegrind, a cache and branch-prediction profiler
==25556== Copyright (C) 2002-2017, and GNU GPL'd, by Nicholas Nethercote et al.
==25556== Using Valgrind-3.15.0 and LibVEX; rerun with -h for copyright info
==25556== Command: ./implementation2
==25556== 
==25556== 
==25556== I   refs:      19,329,242
==25556== I1  misses:           957
==25556== LLi misses:           953
==25556== I1  miss rate:       0.00%
==25556== LLi miss rate:       0.00%
==25556== 
==25556== D   refs:      11,125,388  (10,090,913 rd   + 1,034,475 wr)
==25556== D1  misses:     3,004,336  ( 2,003,558 rd   + 1,000,778 wr)
==25556== LLd misses:       192,272  (   128,554 rd   +    63,718 wr)
==25556== D1  miss rate:       27.0% (      19.9%     +      96.7%  )
==25556== LLd miss rate:        1.7% (       1.3%     +       6.2%  )
==25556== 
==25556== LL refs:        3,005,293  ( 2,004,515 rd   + 1,000,778 wr)
==25556== LL misses:        193,225  (   129,507 rd   +    63,718 wr)
==25556== LL miss rate:         0.6% (       0.4%     +       6.2%  )
