==25523== Cachegrind, a cache and branch-prediction profiler
==25523== Copyright (C) 2002-2017, and GNU GPL'd, by Nicholas Nethercote et al.
==25523== Using Valgrind-3.15.0 and LibVEX; rerun with -h for copyright info
==25523== Command: ./implementation1
==25523== 
==25523== 
==25523== I   refs:      19,329,242
==25523== I1  misses:           957
==25523== LLi misses:           953
==25523== I1  miss rate:       0.00%
==25523== LLi miss rate:       0.00%
==25523== 
==25523== D   refs:      11,125,388  (10,090,913 rd   + 1,034,475 wr)
==25523== D1  misses:       191,839  (   128,560 rd   +    63,279 wr)
==25523== LLd misses:       190,775  (   127,556 rd   +    63,219 wr)
==25523== D1  miss rate:        1.7% (       1.3%     +       6.1%  )
==25523== LLd miss rate:        1.7% (       1.3%     +       6.1%  )
==25523== 
==25523== LL refs:          192,796  (   129,517 rd   +    63,279 wr)
==25523== LL misses:        191,728  (   128,509 rd   +    63,219 wr)
==25523== LL miss rate:         0.6% (       0.4%     +       6.1%  )
